  Building Custom Rule D:/Library/Coding/GitHub/_Reaper/vst-sdk-bundle/vst3-sdk/vst3sdk/public.sdk/samples/vst-utilities/moduleinfotool/CMakeLists.txt
  main.cpp
  moduleinfocreator.cpp
  moduleinfoparser.cpp
  module_win32.cpp
  moduleinfotool.vcxproj -> D:\Library\Coding\GitHub\_Reaper\ReaShader\build\bin\Debug\moduleinfotool.exe

Project Performance Summary:
        0 ms  D:\Library\Coding\GitHub\_Reaper\ReaShader\build\ZERO_CHECK.proj   1 calls
                  0 ms  GetTargetFrameworks                        1 calls
        0 ms  D:\Library\Coding\GitHub\_Reaper\ReaShader\build\vst3sdk\base\base.vcxproj   4 calls
                  0 ms  GetTargetPath                              1 calls
                  0 ms  GetNativeManifest                          1 calls
                  0 ms  GetProjectInfoForReference                 1 calls
                  0 ms  GetCopyToOutputDirectoryItems              1 calls
        0 ms  D:\Library\Coding\GitHub\_Reaper\ReaShader\build\vst3sdk\pluginterfaces\pluginterfaces.vcxproj   4 calls
                  0 ms  GetTargetPath                              1 calls
                  0 ms  GetNativeManifest                          1 calls
                  0 ms  GetProjectInfoForReference                 1 calls
                  0 ms  GetCopyToOutputDirectoryItems              1 calls
        0 ms  D:\Library\Coding\GitHub\_Reaper\ReaShader\build\vst3sdk\public.sdk\sdk_common.vcxproj   4 calls
                  0 ms  GetTargetPath                              1 calls
                  0 ms  GetNativeManifest                          1 calls
                  0 ms  GetProjectInfoForReference                 1 calls
                  0 ms  GetCopyToOutputDirectoryItems              1 calls
        1 ms  D:\Library\Coding\GitHub\_Reaper\ReaShader\build\vst3sdk\public.sdk\sdk_hosting.vcxproj   4 calls
                  0 ms  GetTargetPath                              1 calls
                  0 ms  GetNativeManifest                          1 calls
                  1 ms  GetProjectInfoForReference                 1 calls
                  0 ms  GetCopyToOutputDirectoryItems              1 calls
    15201 ms  D:\Library\Coding\GitHub\_Reaper\ReaShader\build\vst3sdk\public.sdk\samples\vst-utilities\moduleinfotool\moduleinfotool.vcxproj   1 calls
              15201 ms  Build                                      1 calls

Target Performance Summary:
        0 ms  MakeDirsForResourceCompile                 1 calls
        0 ms  AfterLink                                  1 calls
        0 ms  ComputeLinkImportLibraryOutputsForClean    1 calls
        0 ms  PrepareResourceNames                       1 calls
        0 ms  CreateCustomManifestResourceNames          1 calls
        0 ms  ComputeManifestInputsTargets               1 calls
        0 ms  ComputeResolveLinkObj                      1 calls
        0 ms  ResolvedLinkLib                            1 calls
        0 ms  ComputeCLGeneratedLinkInputs               1 calls
        0 ms  ComputeManifestGeneratedLinkerInputs       1 calls
        0 ms  ComputeRCGeneratedLinkInputs               1 calls
        0 ms  ComputeRCOutputs                           1 calls
        0 ms  BeforeLink                                 1 calls
        0 ms  BuildLinkTraverse                          1 calls
        0 ms  BuildCompile                               1 calls
        0 ms  _BuildCompileAction                        1 calls
        0 ms  AfterBuildCompileEvent                     1 calls
        0 ms  _ResourceCompile                           1 calls
        0 ms  AfterResourceCompile                       1 calls
        0 ms  BeforeResourceCompile                      1 calls
        0 ms  _ClCompile                                 1 calls
        0 ms  AfterClCompile                             1 calls
        0 ms  SelectClCompile                            1 calls
        0 ms  ComputeReferenceCLInput                    1 calls
        0 ms  _Link                                      1 calls
        0 ms  GetProjectInfoForReference                 1 calls
        0 ms  _ALink                                     1 calls
        0 ms  RegisterOutput                             1 calls
        0 ms  IncrementalClean                           1 calls
        0 ms  AfterBuild                                 1 calls
        0 ms  BuildLink                                  1 calls
        0 ms  _BuildLinkAction                           1 calls
        0 ms  PostBuildEvent                             1 calls
        0 ms  PrepareForRun                              1 calls
        0 ms  _CheckForCompileOutputs                    1 calls
        0 ms  _CopySourceItemsToOutputDirectory          1 calls
        0 ms  _GetCopyToOutputDirectoryItemsFromThisProject   1 calls
        0 ms  GetCopyToOutputDirectoryXamlAppDefs        1 calls
        0 ms  _PopulateCommonStateForGetCopyToOutputDirectoryItems   1 calls
        0 ms  _Deploy                                    1 calls
        0 ms  _Appverifier                               1 calls
        0 ms  CreateSatelliteAssemblies                  1 calls
        0 ms  ContentFilesProjectOutputGroup             1 calls
        0 ms  SatelliteDllsProjectOutputGroup            1 calls
        0 ms  BuiltProjectOutputGroup                    1 calls
        0 ms  _BscMake                                   1 calls
        0 ms  MakeDirsForBscMake                         1 calls
        0 ms  ComputeCLCompileGeneratedSbrFiles          1 calls
        0 ms  _XdcMake                                   1 calls
        0 ms  ComputeCLCompileGeneratedXDCFiles          1 calls
        0 ms  ResolvedXDCMake                            1 calls
        0 ms  _Manifest                                  1 calls
        0 ms  AddLibrariesToProjectsInfoForReference     1 calls
        0 ms  Build                                      1 calls
        0 ms  AddDeployRecipeFileToProjectsInfoForReference   1 calls
        0 ms  AfterMidl                                  1 calls
        0 ms  ComputeMIDLGeneratedCompileInputs          1 calls
        0 ms  MakeDirsForMidl                            1 calls
        0 ms  GetResolvedWinMD                           1 calls
        0 ms  _Xsd                                       1 calls
        0 ms  SetCABuildNativeEnvironmentVariables       1 calls
        0 ms  _Midl                                      1 calls
        0 ms  ResolveSDKReferences                       1 calls
        0 ms  AfterResolveReferences                     1 calls
        0 ms  ResolveReferences                          1 calls
        0 ms  SelectCustomBuild                          1 calls
        0 ms  _SelectedFiles                             1 calls
        0 ms  BuildGenerateSourcesTraverse               1 calls
        0 ms  BeforeBuildGenerateSources                 1 calls
        0 ms  ExpandSDKReferences                        1 calls
        0 ms  PreBuildEvent                              1 calls
        0 ms  AddExternalIncludDirectoriesToPaths        1 calls
        0 ms  AfterBuildGenerateSourcesEvent             1 calls
        0 ms  AddPublicBMIsToProjectsInfoForReference    1 calls
        0 ms  AddPublicIncludeDirectoriesToProjectsInfoForReference   1 calls
        0 ms  PrepareProjectReferences                   1 calls
        0 ms  _RemoveNameMetadataFromProjectReferenceItems   1 calls
        0 ms  GetPublicIncludeDirectories                1 calls
        0 ms  GetNativeManifest                          1 calls
        0 ms  GetFrameworkPaths                          1 calls
        0 ms  AfterBuildGenerateSources                  1 calls
        0 ms  FindReferenceAssembliesForReferences       1 calls
        0 ms  ComputeCLInputPDBName                      1 calls
        0 ms  GetReferenceAssemblyPaths                  1 calls
        0 ms  BeforeClCompile                            1 calls
        0 ms  BuildCompileTraverse                       1 calls
        0 ms  BuildGenerateSources                       1 calls
        0 ms  _BuildGenerateSourcesAction                1 calls
        1 ms  CopyFileToFolders                          1 calls
        1 ms  ComputeLinkInputsFromProject               1 calls
        1 ms  _SplitProjectReferencesByFileExistence     1 calls
        1 ms  GetResolvedLinkLibs                        1 calls
        1 ms  _CheckForInvalidConfigurationAndPlatform   1 calls
        1 ms  MakeDirsForCl                              1 calls
        1 ms  SetBuildDefaultEnvironmentVariables        1 calls
        1 ms  ComputeReferenceLinkInputs                 1 calls
        1 ms  SplitResourcesByCulture                    1 calls
        1 ms  _PrepareForBuild                           1 calls
        1 ms  PreLinkEvent                               1 calls
        1 ms  FinalizeBuildStatus                        1 calls
        1 ms  _CleanGetCurrentAndPriorFileWrites         1 calls
        1 ms  ComputeCLOutputs                           1 calls
        1 ms  MakeDirsForXdcMake                         1 calls
        1 ms  _GenerateSatelliteAssemblyInputs           1 calls
        1 ms  _CheckWindowsSDKInstalled                  1 calls
        1 ms  MakeDirsForFxc                             1 calls
        1 ms  AssignTargetPaths                          1 calls
        1 ms  CopyFilesToOutputDirectory                 1 calls
        1 ms  DoLinkOutputFilesMatch                     1 calls
        1 ms  AssignProjectConfiguration                 1 calls
        1 ms  WarnCompileDuplicatedFilename              1 calls
        1 ms  BeforeResolveReferences                    1 calls
        1 ms  ResolveAssemblyReferences                  1 calls
        1 ms  _AddOutputPathToGlobalPropertiesToRemove   1 calls
        1 ms  ComputeLegacyManifestEmbedding             1 calls
        1 ms  ComputeCustomBuildOutput                   1 calls
        2 ms  InitializeBuildStatus                      1 calls
        2 ms  SetTelemetryEnvironmentVariables           1 calls
        4 ms  PrepareForBuild                            1 calls
        4 ms  MakeDirsForLink                            1 calls
        5 ms  FixupCLCompileOptions                      1 calls
       11 ms  _PrepareForReferenceResolution             1 calls
       12 ms  GetReferencedVCProjectsInfo                1 calls
       17 ms  ComputeLinkSwitches                        1 calls
       30 ms  _GetProjectReferenceTargetFrameworkProperties   1 calls
       41 ms  ResolveProjectReferences                   1 calls
       60 ms  CreateRecipeFile                           1 calls
      831 ms  CustomBuild                                1 calls
     1805 ms  _GetCopyToOutputDirectoryItemsFromTransitiveProjectReferences   1 calls
     1807 ms  GetCopyToOutputDirectoryItems              1 calls
     3097 ms  Link                                       1 calls
     9247 ms  ClCompile                                  1 calls

Task Performance Summary:
        0 ms  RemoveDuplicates                           2 calls
        0 ms  ConvertToAbsolutePath                      1 calls
        0 ms  ResolveNonMSBuildProjectOutput             1 calls
        0 ms  AssignCulture                              1 calls
        0 ms  ReadLinesFromFile                          2 calls
        0 ms  FindUnderPath                              5 calls
        0 ms  Delete                                     3 calls
        1 ms  Touch                                      2 calls
        1 ms  AssignTargetPath                           7 calls
        1 ms  WriteLinesToFile                           1 calls
        1 ms  CheckVCToolsetVersion                      1 calls
        1 ms  AssignProjectConfiguration                 1 calls
        2 ms  MakeDir                                   10 calls
        2 ms  Message                                    3 calls
        3 ms  SetEnv                                     9 calls
       14 ms  GetOutOfDateItems                          3 calls
       60 ms  GenerateDesktopDeployRecipe                1 calls
      816 ms  CustomBuild                                1 calls
     1807 ms  CallTarget                                 2 calls
     1884 ms  MSBuild                                    5 calls
     3072 ms  Link                                       1 calls
     9244 ms  CL                                         1 calls
