d:\library\coding\github\_reaper\reashader\build\vst3sdk\vstgui.build\uidescription\vstgui_uidescription.dir\debug\uicontentprovider.obj
d:\library\coding\github\_reaper\reashader\build\vst3sdk\vstgui.build\uidescription\vstgui_uidescription.dir\debug\uiviewcreator.obj
d:\library\coding\github\_reaper\reashader\build\vst3sdk\vstgui.build\uidescription\vstgui_uidescription.dir\debug\uijsonpersistence.obj
d:\library\coding\github\_reaper\reashader\build\vst3sdk\vstgui.build\uidescription\vstgui_uidescription.dir\debug\uibitmapscontroller.obj
d:\library\coding\github\_reaper\reashader\build\vst3sdk\vstgui.build\uidescription\vstgui_uidescription.dir\debug\uicolorslider.obj
d:\library\coding\github\_reaper\reashader\build\vst3sdk\vstgui.build\uidescription\vstgui_uidescription.dir\debug\uieditmenucontroller.obj
d:\library\coding\github\_reaper\reashader\build\vst3sdk\vstgui.build\uidescription\vstgui_uidescription.dir\debug\uifontscontroller.obj
d:\library\coding\github\_reaper\reashader\build\vst3sdk\vstgui.build\uidescription\vstgui_uidescription.dir\debug\uiselection.obj
d:\library\coding\github\_reaper\reashader\build\vst3sdk\vstgui.build\uidescription\vstgui_uidescription.dir\debug\uiundomanager.obj
d:\library\coding\github\_reaper\reashader\build\vst3sdk\vstgui.build\uidescription\vstgui_uidescription.dir\debug\animknobcreator.obj
d:\library\coding\github\_reaper\reashader\build\vst3sdk\vstgui.build\uidescription\vstgui_uidescription.dir\debug\gradientviewcreator.obj
d:\library\coding\github\_reaper\reashader\build\vst3sdk\vstgui.build\uidescription\vstgui_uidescription.dir\debug\moviebitmapcreator.obj
d:\library\coding\github\_reaper\reashader\build\vst3sdk\vstgui.build\uidescription\vstgui_uidescription.dir\debug\optionmenucreator.obj
d:\library\coding\github\_reaper\reashader\build\vst3sdk\vstgui.build\uidescription\vstgui_uidescription.dir\debug\scrollviewcreator.obj
d:\library\coding\github\_reaper\reashader\build\vst3sdk\vstgui.build\uidescription\vstgui_uidescription.dir\debug\sliderviewcreator.obj
d:\library\coding\github\_reaper\reashader\build\vst3sdk\vstgui.build\uidescription\vstgui_uidescription.dir\debug\switchcreators.obj
d:\library\coding\github\_reaper\reashader\build\vst3sdk\vstgui.build\uidescription\vstgui_uidescription.dir\debug\uiviewswitchcontainercreator.obj
d:\library\coding\github\_reaper\reashader\build\vst3sdk\vstgui.build\uidescription\vstgui_uidescription.dir\debug\xypadcreator.obj
d:\library\coding\github\_reaper\reashader\build\vst3sdk\vstgui.build\uidescription\vstgui_uidescription.dir\debug\cstream.obj
d:\library\coding\github\_reaper\reashader\build\vst3sdk\vstgui.build\uidescription\vstgui_uidescription.dir\debug\uidescription.obj
d:\library\coding\github\_reaper\reashader\build\vst3sdk\vstgui.build\uidescription\vstgui_uidescription.dir\debug\uixmlpersistence.obj
d:\library\coding\github\_reaper\reashader\build\vst3sdk\vstgui.build\uidescription\vstgui_uidescription.dir\debug\uiattributescontroller.obj
d:\library\coding\github\_reaper\reashader\build\vst3sdk\vstgui.build\uidescription\vstgui_uidescription.dir\debug\uicrosslines.obj
d:\library\coding\github\_reaper\reashader\build\vst3sdk\vstgui.build\uidescription\vstgui_uidescription.dir\debug\uieditview.obj
d:\library\coding\github\_reaper\reashader\build\vst3sdk\vstgui.build\uidescription\vstgui_uidescription.dir\debug\uigradientscontroller.obj
d:\library\coding\github\_reaper\reashader\build\vst3sdk\vstgui.build\uidescription\vstgui_uidescription.dir\debug\uitemplatesettingscontroller.obj
d:\library\coding\github\_reaper\reashader\build\vst3sdk\vstgui.build\uidescription\vstgui_uidescription.dir\debug\animationsplashscreencreator.obj
d:\library\coding\github\_reaper\reashader\build\vst3sdk\vstgui.build\uidescription\vstgui_uidescription.dir\debug\controlcreator.obj
d:\library\coding\github\_reaper\reashader\build\vst3sdk\vstgui.build\uidescription\vstgui_uidescription.dir\debug\layeredviewcontainercreator.obj
d:\library\coding\github\_reaper\reashader\build\vst3sdk\vstgui.build\uidescription\vstgui_uidescription.dir\debug\multilinetextlabelcreator.obj
d:\library\coding\github\_reaper\reashader\build\vst3sdk\vstgui.build\uidescription\vstgui_uidescription.dir\debug\rowcolumnviewcreator.obj
d:\library\coding\github\_reaper\reashader\build\vst3sdk\vstgui.build\uidescription\vstgui_uidescription.dir\debug\shadowviewcontainercreator.obj
d:\library\coding\github\_reaper\reashader\build\vst3sdk\vstgui.build\uidescription\vstgui_uidescription.dir\debug\stringlistcontrolcreator.obj
d:\library\coding\github\_reaper\reashader\build\vst3sdk\vstgui.build\uidescription\vstgui_uidescription.dir\debug\textlabelcreator.obj
d:\library\coding\github\_reaper\reashader\build\vst3sdk\vstgui.build\uidescription\vstgui_uidescription.dir\debug\vumetercreator.obj
d:\library\coding\github\_reaper\reashader\build\vst3sdk\vstgui.build\uidescription\vstgui_uidescription.dir\debug\compresseduidescription.obj
d:\library\coding\github\_reaper\reashader\build\vst3sdk\vstgui.build\uidescription\vstgui_uidescription.dir\debug\uiviewfactory.obj
d:\library\coding\github\_reaper\reashader\build\vst3sdk\vstgui.build\uidescription\vstgui_uidescription.dir\debug\xmlparser.obj
d:\library\coding\github\_reaper\reashader\build\vst3sdk\vstgui.build\uidescription\vstgui_uidescription.dir\debug\uiactions.obj
d:\library\coding\github\_reaper\reashader\build\vst3sdk\vstgui.build\uidescription\vstgui_uidescription.dir\debug\uicolorchoosercontroller.obj
d:\library\coding\github\_reaper\reashader\build\vst3sdk\vstgui.build\uidescription\vstgui_uidescription.dir\debug\uidialogcontroller.obj
d:\library\coding\github\_reaper\reashader\build\vst3sdk\vstgui.build\uidescription\vstgui_uidescription.dir\debug\uifocussettingscontroller.obj
d:\library\coding\github\_reaper\reashader\build\vst3sdk\vstgui.build\uidescription\vstgui_uidescription.dir\debug\uioverlayview.obj
d:\library\coding\github\_reaper\reashader\build\vst3sdk\vstgui.build\uidescription\vstgui_uidescription.dir\debug\uitagscontroller.obj
d:\library\coding\github\_reaper\reashader\build\vst3sdk\vstgui.build\uidescription\vstgui_uidescription.dir\debug\uiviewcreatecontroller.obj
d:\library\coding\github\_reaper\reashader\build\vst3sdk\vstgui.build\uidescription\vstgui_uidescription.dir\debug\knobcreator.obj
d:\library\coding\github\_reaper\reashader\build\vst3sdk\vstgui.build\uidescription\vstgui_uidescription.dir\debug\moviebuttoncreator.obj
d:\library\coding\github\_reaper\reashader\build\vst3sdk\vstgui.build\uidescription\vstgui_uidescription.dir\debug\paramdisplaycreator.obj
d:\library\coding\github\_reaper\reashader\build\vst3sdk\vstgui.build\uidescription\vstgui_uidescription.dir\debug\searchtexteditcreator.obj
d:\library\coding\github\_reaper\reashader\build\vst3sdk\vstgui.build\uidescription\vstgui_uidescription.dir\debug\splitviewcreator.obj
d:\library\coding\github\_reaper\reashader\build\vst3sdk\vstgui.build\uidescription\vstgui_uidescription.dir\debug\textbuttoncreator.obj
d:\library\coding\github\_reaper\reashader\build\vst3sdk\vstgui.build\uidescription\vstgui_uidescription.dir\debug\viewcontainercreator.obj
d:\library\coding\github\_reaper\reashader\build\vst3sdk\vstgui.build\uidescription\vstgui_uidescription.dir\debug\uiattributes.obj
d:\library\coding\github\_reaper\reashader\build\vst3sdk\vstgui.build\uidescription\vstgui_uidescription.dir\debug\uiviewswitchcontainer.obj
d:\library\coding\github\_reaper\reashader\build\vst3sdk\vstgui.build\uidescription\vstgui_uidescription.dir\debug\uidesclist.obj
d:\library\coding\github\_reaper\reashader\build\vst3sdk\vstgui.build\uidescription\vstgui_uidescription.dir\debug\uinode.obj
d:\library\coding\github\_reaper\reashader\build\vst3sdk\vstgui.build\uidescription\vstgui_uidescription.dir\debug\uicolor.obj
d:\library\coding\github\_reaper\reashader\build\vst3sdk\vstgui.build\uidescription\vstgui_uidescription.dir\debug\uicolorscontroller.obj
d:\library\coding\github\_reaper\reashader\build\vst3sdk\vstgui.build\uidescription\vstgui_uidescription.dir\debug\uieditcontroller.obj
d:\library\coding\github\_reaper\reashader\build\vst3sdk\vstgui.build\uidescription\vstgui_uidescription.dir\debug\uigridcontroller.obj
d:\library\coding\github\_reaper\reashader\build\vst3sdk\vstgui.build\uidescription\vstgui_uidescription.dir\debug\uitemplatecontroller.obj
d:\library\coding\github\_reaper\reashader\build\vst3sdk\vstgui.build\uidescription\vstgui_uidescription.dir\debug\checkboxcreator.obj
d:\library\coding\github\_reaper\reashader\build\vst3sdk\vstgui.build\uidescription\vstgui_uidescription.dir\debug\kickbuttoncreator.obj
d:\library\coding\github\_reaper\reashader\build\vst3sdk\vstgui.build\uidescription\vstgui_uidescription.dir\debug\multibitmapcontrolcreator.obj
d:\library\coding\github\_reaper\reashader\build\vst3sdk\vstgui.build\uidescription\vstgui_uidescription.dir\debug\onoffbuttoncreator.obj
d:\library\coding\github\_reaper\reashader\build\vst3sdk\vstgui.build\uidescription\vstgui_uidescription.dir\debug\rockerswitchcreator.obj
d:\library\coding\github\_reaper\reashader\build\vst3sdk\vstgui.build\uidescription\vstgui_uidescription.dir\debug\segmentbuttoncreator.obj
d:\library\coding\github\_reaper\reashader\build\vst3sdk\vstgui.build\uidescription\vstgui_uidescription.dir\debug\texteditcreator.obj
d:\library\coding\github\_reaper\reashader\build\vst3sdk\vstgui.build\uidescription\vstgui_uidescription.dir\debug\viewcreator.obj
d:\library\coding\github\_reaper\reashader\build\lib\debug\vstgui_uidescription.pdb
d:\library\coding\github\_reaper\reashader\build\vst3sdk\vstgui.build\uidescription\cmakefiles\generate.stamp
d:\library\coding\github\_reaper\reashader\build\lib\debug\vstgui_uidescription.lib
d:\library\coding\github\_reaper\reashader\build\vst3sdk\vstgui.build\uidescription\vstgui_uidescription.dir\debug\vstgui_u.d06c5636.tlog\cl.10032.write.1.tlog
d:\library\coding\github\_reaper\reashader\build\vst3sdk\vstgui.build\uidescription\vstgui_uidescription.dir\debug\vstgui_u.d06c5636.tlog\cl.command.1.tlog
d:\library\coding\github\_reaper\reashader\build\vst3sdk\vstgui.build\uidescription\vstgui_uidescription.dir\debug\vstgui_u.d06c5636.tlog\cl.read.1.tlog
d:\library\coding\github\_reaper\reashader\build\vst3sdk\vstgui.build\uidescription\vstgui_uidescription.dir\debug\vstgui_u.d06c5636.tlog\custombuild.command.1.tlog
d:\library\coding\github\_reaper\reashader\build\vst3sdk\vstgui.build\uidescription\vstgui_uidescription.dir\debug\vstgui_u.d06c5636.tlog\custombuild.read.1.tlog
d:\library\coding\github\_reaper\reashader\build\vst3sdk\vstgui.build\uidescription\vstgui_uidescription.dir\debug\vstgui_u.d06c5636.tlog\custombuild.write.1.tlog
d:\library\coding\github\_reaper\reashader\build\vst3sdk\vstgui.build\uidescription\vstgui_uidescription.dir\debug\vstgui_u.d06c5636.tlog\lib-link.read.1.tlog
d:\library\coding\github\_reaper\reashader\build\vst3sdk\vstgui.build\uidescription\vstgui_uidescription.dir\debug\vstgui_u.d06c5636.tlog\lib-link.write.1.tlog
d:\library\coding\github\_reaper\reashader\build\vst3sdk\vstgui.build\uidescription\vstgui_uidescription.dir\debug\vstgui_u.d06c5636.tlog\lib.command.1.tlog
