  Building Custom Rule D:/Library/Coding/GitHub/_Reaper/vst-sdk-bundle/vst3-sdk/vst3sdk/vstgui4/vstgui/uidescription/CMakeLists.txt
  compresseduidescription.cpp
  cstream.cpp
  uiattributes.cpp
  uicontentprovider.cpp
  uidescription.cpp
  uiviewcreator.cpp
  uiviewfactory.cpp
  uiviewswitchcontainer.cpp
  xmlparser.cpp
  uidesclist.cpp
  uijsonpersistence.cpp
  uinode.cpp
  uixmlpersistence.cpp
  uiactions.cpp
  uiattributescontroller.cpp
  uibitmapscontroller.cpp
  uicolor.cpp
  uicolorchoosercontroller.cpp
  uicolorscontroller.cpp
  uicolorslider.cpp
  uicrosslines.cpp
  uidialogcontroller.cpp
  uieditcontroller.cpp
  uieditmenucontroller.cpp
  uieditview.cpp
  uifocussettingscontroller.cpp
  uifontscontroller.cpp
  uigradientscontroller.cpp
  uigridcontroller.cpp
  uioverlayview.cpp
  uiselection.cpp
  uitagscontroller.cpp
  uitemplatecontroller.cpp
  uitemplatesettingscontroller.cpp
  uiundomanager.cpp
  uiviewcreatecontroller.cpp
  animationsplashscreencreator.cpp
  animknobcreator.cpp
  checkboxcreator.cpp
  controlcreator.cpp
  gradientviewcreator.cpp
  kickbuttoncreator.cpp
  knobcreator.cpp
  layeredviewcontainercreator.cpp
  moviebitmapcreator.cpp
  moviebuttoncreator.cpp
  multibitmapcontrolcreator.cpp
  multilinetextlabelcreator.cpp
  onoffbuttoncreator.cpp
  optionmenucreator.cpp
  paramdisplaycreator.cpp
  rockerswitchcreator.cpp
  rowcolumnviewcreator.cpp
  scrollviewcreator.cpp
  searchtexteditcreator.cpp
  segmentbuttoncreator.cpp
  shadowviewcontainercreator.cpp
  sliderviewcreator.cpp
  splitviewcreator.cpp
  stringlistcontrolcreator.cpp
  switchcreators.cpp
  textbuttoncreator.cpp
  texteditcreator.cpp
  textlabelcreator.cpp
  uiviewswitchcontainercreator.cpp
  viewcontainercreator.cpp
  viewcreator.cpp
  vumetercreator.cpp
  xypadcreator.cpp
  vstgui_uidescription.vcxproj -> D:\Library\Coding\GitHub\_Reaper\ReaShader\build\lib\Debug\vstgui_uidescription.lib

Project Performance Summary:
        0 ms  D:\Library\Coding\GitHub\_Reaper\ReaShader\build\ZERO_CHECK.proj   1 calls
                  0 ms  GetTargetFrameworks                        1 calls
        3 ms  D:\Library\Coding\GitHub\_Reaper\ReaShader\build\vst3sdk\VSTGUI.build\lib\vstgui.vcxproj   4 calls
                  0 ms  GetTargetPath                              1 calls
                  1 ms  GetNativeManifest                          1 calls
                  2 ms  GetProjectInfoForReference                 1 calls
                  0 ms  GetCopyToOutputDirectoryItems              1 calls
    28378 ms  D:\Library\Coding\GitHub\_Reaper\ReaShader\build\vst3sdk\VSTGUI.build\uidescription\vstgui_uidescription.vcxproj   1 calls
              28378 ms  Build                                      1 calls

Target Performance Summary:
        0 ms  _CheckForInvalidConfigurationAndPlatform   1 calls
        0 ms  _ALink                                     1 calls
        0 ms  ComputeLegacyManifestEmbedding             1 calls
        0 ms  BuildCompile                               1 calls
        0 ms  _BuildCompileAction                        1 calls
        0 ms  AfterBuildCompileEvent                     1 calls
        0 ms  _Lib                                       1 calls
        0 ms  AfterLib                                   1 calls
        0 ms  PreLinkEvent                               1 calls
        0 ms  MakeDirsForLib                             1 calls
        0 ms  ComputeReferenceLibInputs                  1 calls
        0 ms  _Manifest                                  1 calls
        0 ms  ResolvedLinkLib                            1 calls
        0 ms  ComputeRCGeneratedLibInputs                1 calls
        0 ms  ComputeRCOutputs                           1 calls
        0 ms  ComputeLibAdditionalOptions                1 calls
        0 ms  BeforeLib                                  1 calls
        0 ms  _ResourceCompile                           1 calls
        0 ms  AfterResourceCompile                       1 calls
        0 ms  BeforeResourceCompile                      1 calls
        0 ms  _ClCompile                                 1 calls
        0 ms  GetProjectInfoForReference                 1 calls
        0 ms  AddLibrariesToProjectsInfoForReference     1 calls
        0 ms  ComputeCLGeneratedLibInputs                1 calls
        0 ms  ResolvedXDCMake                            1 calls
        0 ms  MakeDirsForXdcMake                         1 calls
        0 ms  _XdcMake                                   1 calls
        0 ms  AfterBuild                                 1 calls
        0 ms  BuildLink                                  1 calls
        0 ms  _BuildLinkAction                           1 calls
        0 ms  PostBuildEvent                             1 calls
        0 ms  PrepareForRun                              1 calls
        0 ms  CopyFilesToOutputDirectory                 1 calls
        0 ms  _CheckForCompileOutputs                    1 calls
        0 ms  _CopySourceItemsToOutputDirectory          1 calls
        0 ms  GetCopyToOutputDirectoryXamlAppDefs        1 calls
        0 ms  _PopulateCommonStateForGetCopyToOutputDirectoryItems   1 calls
        0 ms  _Deploy                                    1 calls
        0 ms  _Appverifier                               1 calls
        0 ms  CreateSatelliteAssemblies                  1 calls
        0 ms  _GenerateSatelliteAssemblyInputs           1 calls
        0 ms  MakeDirsForFxc                             1 calls
        0 ms  SatelliteDllsProjectOutputGroup            1 calls
        0 ms  PrepareResourceNames                       1 calls
        0 ms  CreateCustomManifestResourceNames          1 calls
        0 ms  SplitResourcesByCulture                    1 calls
        0 ms  BuiltProjectOutputGroup                    1 calls
        0 ms  _BscMake                                   1 calls
        0 ms  MakeDirsForBscMake                         1 calls
        0 ms  ComputeCLCompileGeneratedSbrFiles          1 calls
        0 ms  AddDeployRecipeFileToProjectsInfoForReference   1 calls
        0 ms  AddPublicBMIsToProjectsInfoForReference    1 calls
        0 ms  AfterClCompile                             1 calls
        0 ms  GetPublicIncludeDirectories                1 calls
        0 ms  SelectCustomBuild                          1 calls
        0 ms  _SelectedFiles                             1 calls
        0 ms  BuildGenerateSourcesTraverse               1 calls
        0 ms  ResolveAssemblyReferences                  1 calls
        0 ms  ExpandSDKReferences                        1 calls
        0 ms  ResolveSDKReferences                       1 calls
        0 ms  SetCABuildNativeEnvironmentVariables       1 calls
        0 ms  _CheckWindowsSDKInstalled                  1 calls
        0 ms  GetResolvedWinMD                           1 calls
        0 ms  AddExternalIncludDirectoriesToPaths        1 calls
        0 ms  GetFrameworkPaths                          1 calls
        0 ms  GetTargetPath                              1 calls
        0 ms  GetTargetPathWithTargetPlatformMoniker     1 calls
        0 ms  _RemoveNameMetadataFromProjectReferenceItems   1 calls
        0 ms  PrepareProjectReferences                   1 calls
        0 ms  _AddOutputPathToGlobalPropertiesToRemove   1 calls
        0 ms  BeforeResolveReferences                    1 calls
        0 ms  _PrepareForReferenceResolution             1 calls
        0 ms  _PrepareForBuild                           1 calls
        0 ms  _Xsd                                       1 calls
        0 ms  MakeDirsForMidl                            1 calls
        0 ms  ResolveReferences                          1 calls
        0 ms  BeforeClCompile                            1 calls
        0 ms  AfterBuildGenerateSourcesEvent             1 calls
        0 ms  ComputeCLInputPDBName                      1 calls
        0 ms  AfterBuildGenerateSources                  1 calls
        0 ms  BuildGenerateSources                       1 calls
        0 ms  ComputeMIDLGeneratedCompileInputs          1 calls
        0 ms  _Midl                                      1 calls
        0 ms  AfterMidl                                  1 calls
        0 ms  FindReferenceAssembliesForReferences       1 calls
        0 ms  _BuildGenerateSourcesAction                1 calls
        1 ms  IncrementalClean                           1 calls
        1 ms  AddPublicIncludeDirectoriesToProjectsInfoForReference   1 calls
        1 ms  DoLibOutputFilesMatch                      1 calls
        1 ms  PreBuildEvent                              1 calls
        1 ms  MakeDirsForCl                              1 calls
        1 ms  BuildCompileTraverse                       1 calls
        1 ms  SetTelemetryEnvironmentVariables           1 calls
        1 ms  BuildLinkTraverse                          1 calls
        1 ms  _SplitProjectReferencesByFileExistence     1 calls
        1 ms  ComputeCLCompileGeneratedXDCFiles          1 calls
        1 ms  CreateRecipeFile                           1 calls
        1 ms  SelectClCompile                            1 calls
        1 ms  SetBuildDefaultEnvironmentVariables        1 calls
        1 ms  AssignProjectConfiguration                 1 calls
        1 ms  ComputeLibInputsFromProject                1 calls
        1 ms  Build                                      1 calls
        1 ms  MakeDirsForResourceCompile                 1 calls
        1 ms  GetResolvedLinkLibs                        1 calls
        1 ms  GetReferenceAssemblyPaths                  1 calls
        1 ms  RegisterOutput                             1 calls
        1 ms  _CleanGetCurrentAndPriorFileWrites         1 calls
        1 ms  GetNativeManifest                          1 calls
        1 ms  CopyFileToFolders                          1 calls
        1 ms  BeforeBuildGenerateSources                 1 calls
        1 ms  _GetCopyToOutputDirectoryItemsFromThisProject   1 calls
        2 ms  AssignTargetPaths                          1 calls
        2 ms  ComputeCLOutputs                           1 calls
        2 ms  ContentFilesProjectOutputGroup             1 calls
        2 ms  ComputeReferenceCLInput                    1 calls
        3 ms  ComputeCustomBuildOutput                   1 calls
        3 ms  PrepareForBuild                            1 calls
        4 ms  _GetCopyToOutputDirectoryItemsFromTransitiveProjectReferences   1 calls
        6 ms  GetCopyToOutputDirectoryItems              1 calls
        8 ms  WarnCompileDuplicatedFilename              1 calls
       12 ms  AfterResolveReferences                     1 calls
       13 ms  FinalizeBuildStatus                        1 calls
       13 ms  InitializeBuildStatus                      1 calls
       17 ms  GetReferencedVCProjectsInfo                1 calls
       17 ms  FixupCLCompileOptions                      1 calls
       28 ms  _GetProjectReferenceTargetFrameworkProperties   1 calls
       69 ms  ResolveProjectReferences                   1 calls
      488 ms  CustomBuild                                1 calls
     1328 ms  Lib                                        1 calls
    26337 ms  ClCompile                                  1 calls

Task Performance Summary:
        0 ms  Message                                    3 calls
        0 ms  ConvertToAbsolutePath                      1 calls
        0 ms  AssignCulture                              1 calls
        0 ms  WriteLinesToFile                           1 calls
        0 ms  CheckVCToolsetVersion                      1 calls
        0 ms  RemoveDuplicates                           2 calls
        1 ms  FindUnderPath                              5 calls
        1 ms  ResolveNonMSBuildProjectOutput             1 calls
        1 ms  GenerateDesktopDeployRecipe                1 calls
        1 ms  AssignProjectConfiguration                 1 calls
        1 ms  MakeDir                                   10 calls
        1 ms  ReadLinesFromFile                          2 calls
        2 ms  AssignTargetPath                           7 calls
        2 ms  SetEnv                                     9 calls
        5 ms  CallTarget                                 2 calls
        6 ms  Delete                                     3 calls
       15 ms  Touch                                      2 calls
       26 ms  GetOutOfDateItems                          3 calls
      115 ms  MSBuild                                    5 calls
      462 ms  CustomBuild                                1 calls
     1325 ms  LIB                                        1 calls
    26323 ms  CL                                         1 calls
