Performing C++ SOURCE FILE Test SMTG_USE_STDATOMIC_H failed with the following output:
Change Dir: D:/Library/Coding/GitHub/_Reaper/ReaShader/build/CMakeFiles/CMakeTmp

Run Build Command(s):C:/Program Files/Microsoft Visual Studio/2022/Community/MSBuild/Current/Bin/amd64/MSBuild.exe cmTC_ff271.vcxproj /p:Configuration=Debug /p:Platform=x64 /p:VisualStudioVersion=17.0 /v:m && Microsoft (R) Build Engine version 17.2.1+52cd2da31 for .NET Framework
Copyright (C) Microsoft Corporation. All rights reserved.

  Microsoft (R) C/C++ Optimizing Compiler Version 19.32.31332 for x64
  src.cxx
  Copyright (C) Microsoft Corporation.  All rights reserved.
  cl /c /Zi /W3 /WX- /diagnostics:column /Od /Ob0 /D _MBCS /D WIN32 /D _WINDOWS /D SMTG_USE_STDATOMIC_H /D "CMAKE_INTDIR=\"Debug\"" /Gm- /EHsc /RTC1 /MDd /GS /fp:precise /Zc:wchar_t /Zc:forScope /Zc:inline /GR /Fo"cmTC_ff271.dir\Debug\\" /Fd"cmTC_ff271.dir\Debug\vc143.pdb" /external:W3 /Gd /TP /errorReport:queue D:\Library\Coding\GitHub\_Reaper\ReaShader\build\CMakeFiles\CMakeTmp\src.cxx
  The contents of <stdatomic.h> are available only with C++23 or later.
D:\Library\Coding\GitHub\_Reaper\ReaShader\build\CMakeFiles\CMakeTmp\src.cxx(3,2): error C2065: 'atomic_int': undeclared identifier [D:\Library\Coding\GitHub\_Reaper\ReaShader\build\CMakeFiles\CMakeTmp\cmTC_ff271.vcxproj]
D:\Library\Coding\GitHub\_Reaper\ReaShader\build\CMakeFiles\CMakeTmp\src.cxx(3,13): error C2146: syntax error: missing ';' before identifier 'value' [D:\Library\Coding\GitHub\_Reaper\ReaShader\build\CMakeFiles\CMakeTmp\cmTC_ff271.vcxproj]
D:\Library\Coding\GitHub\_Reaper\ReaShader\build\CMakeFiles\CMakeTmp\src.cxx(3,13): error C2065: 'value': undeclared identifier [D:\Library\Coding\GitHub\_Reaper\ReaShader\build\CMakeFiles\CMakeTmp\cmTC_ff271.vcxproj]
D:\Library\Coding\GitHub\_Reaper\ReaShader\build\CMakeFiles\CMakeTmp\src.cxx(3,35): error C2065: 'value': undeclared identifier [D:\Library\Coding\GitHub\_Reaper\ReaShader\build\CMakeFiles\CMakeTmp\cmTC_ff271.vcxproj]
D:\Library\Coding\GitHub\_Reaper\ReaShader\build\CMakeFiles\CMakeTmp\src.cxx(3,20): error C3861: 'atomic_store': identifier not found [D:\Library\Coding\GitHub\_Reaper\ReaShader\build\CMakeFiles\CMakeTmp\cmTC_ff271.vcxproj]


Source file was:
#include <stdatomic.h>
int main () { 
	atomic_int value; atomic_store (&value, 1); 
	return 0; 
}
