  Building Custom Rule D:/Library/Coding/GitHub/_Reaper/vst-sdk-bundle/vst3-sdk/vst3sdk/vstgui4/vstgui/lib/CMakeLists.txt
  animations.cpp
  animator.cpp
  timingfunctions.cpp
  cbitmap.cpp
  cbitmapfilter.cpp
  cclipboard.cpp
  ccolor.cpp
  cdatabrowser.cpp
  cdrawcontext.cpp
  cdrawmethods.cpp
  cdropsource.cpp
  cfileselector.cpp
  cfont.cpp
  cframe.cpp
  cgradient.cpp
  cgradientview.cpp
  cgraphicspath.cpp
  clayeredviewcontainer.cpp
  clinestyle.cpp
  coffscreencontext.cpp
  cautoanimation.cpp
  cbuttons.cpp
  ccolorchooser.cpp
  ccontrol.cpp
  cfontchooser.cpp
  cknob.cpp
  clistcontrol.cpp
  cmoviebitmap.cpp
  cmoviebutton.cpp
  coptionmenu.cpp
  cparamdisplay.cpp
  cscrollbar.cpp
  csearchtextedit.cpp
  csegmentbutton.cpp
  cslider.cpp
  cspecialdigit.cpp
  csplashscreen.cpp
  cstringlist.cpp
  cswitch.cpp
  ctextedit.cpp
  ctextlabel.cpp
  cvumeter.cpp
  cxypad.cpp
  copenglview.cpp
  cpoint.cpp
  crect.cpp
  crowcolumnview.cpp
  cscrollview.cpp
  cshadowviewcontainer.cpp
  csplitview.cpp
  cstring.cpp
  ctabview.cpp
  ctooltipsupport.cpp
  cview.cpp
  cviewcontainer.cpp
  cvstguitimer.cpp
  events.cpp
  genericstringlistdatabrowsersource.cpp
  pixelbuffer.cpp
  platformfactory.cpp
  fileresourceinputstream.cpp
  genericoptionmenu.cpp
  generictextedit.cpp
  vstguidebug.cpp
  vstguiinit.cpp
D:\Library\Coding\GitHub\_Reaper\vst-sdk-bundle\vst3-sdk\vst3sdk\vstgui4\vstgui\lib\cview.h(406,1): warning C4996: 'VSTGUI::IViewMouseListener': Use IViewListener/IViewEventListener instead (compiling source file D:\Library\Coding\GitHub\_Reaper\vst-sdk-bundle\vst3-sdk\vst3sdk\vstgui4\vstgui\lib\platform\common\genericoptionmenu.cpp)
D:\Library\Coding\GitHub\_Reaper\vst-sdk-bundle\vst3-sdk\vst3sdk\vstgui4\vstgui\lib\cview.h(408,1): warning C4996: 'VSTGUI::IViewMouseListener': Use IViewListener/IViewEventListener instead (compiling source file D:\Library\Coding\GitHub\_Reaper\vst-sdk-bundle\vst3-sdk\vst3sdk\vstgui4\vstgui\lib\platform\common\genericoptionmenu.cpp)
  d2dbitmap.cpp
  d2dbitmapcache.cpp
  d2ddrawcontext.cpp
  d2dfont.cpp
  d2dgradient.cpp
  d2dgraphicspath.cpp
  win32datapackage.cpp
  win32directcomposition.cpp
  win32dragging.cpp
  win32factory.cpp
  win32frame.cpp
  win32openglview.cpp
  win32optionmenu.cpp
  win32resourcestream.cpp
  win32support.cpp
  win32textedit.cpp
  win32viewlayer.cpp
  winfileselector.cpp
  winstring.cpp
  wintimer.cpp
  vstgui.vcxproj -> D:\Library\Coding\GitHub\_Reaper\ReaShader\build\lib\Debug\vstgui.lib

Project Performance Summary:
    50028 ms  D:\Library\Coding\GitHub\_Reaper\ReaShader\build\vst3sdk\VSTGUI.build\lib\vstgui.vcxproj   1 calls
              50028 ms  Build                                      1 calls

Target Performance Summary:
        0 ms  _ResourceCompile                           1 calls
        0 ms  RegisterOutput                             1 calls
        0 ms  _Manifest                                  1 calls
        0 ms  _ALink                                     1 calls
        0 ms  BuildLinkTraverse                          1 calls
        0 ms  BuildCompile                               1 calls
        0 ms  _BuildCompileAction                        1 calls
        0 ms  AfterBuildCompileEvent                     1 calls
        0 ms  _Lib                                       1 calls
        0 ms  AfterLib                                   1 calls
        0 ms  ResolvedXDCMake                            1 calls
        0 ms  PreLinkEvent                               1 calls
        0 ms  ResolvedLinkLib                            1 calls
        0 ms  ComputeCLGeneratedLibInputs                1 calls
        0 ms  ComputeRCGeneratedLibInputs                1 calls
        0 ms  ComputeRCOutputs                           1 calls
        0 ms  ComputeLibAdditionalOptions                1 calls
        0 ms  BeforeLib                                  1 calls
        0 ms  AfterResourceCompile                       1 calls
        0 ms  BeforeResourceCompile                      1 calls
        0 ms  _ClCompile                                 1 calls
        0 ms  ComputeReferenceLibInputs                  1 calls
        0 ms  MakeDirsForXdcMake                         1 calls
        0 ms  _XdcMake                                   1 calls
        0 ms  ComputeCLCompileGeneratedSbrFiles          1 calls
        0 ms  _CleanGetCurrentAndPriorFileWrites         1 calls
        0 ms  AfterBuild                                 1 calls
        0 ms  BuildLink                                  1 calls
        0 ms  _BuildLinkAction                           1 calls
        0 ms  PostBuildEvent                             1 calls
        0 ms  PrepareForRun                              1 calls
        0 ms  CopyFilesToOutputDirectory                 1 calls
        0 ms  _CopySourceItemsToOutputDirectory          1 calls
        0 ms  _GetCopyToOutputDirectoryItemsFromThisProject   1 calls
        0 ms  _PopulateCommonStateForGetCopyToOutputDirectoryItems   1 calls
        0 ms  _Deploy                                    1 calls
        0 ms  _Appverifier                               1 calls
        0 ms  CreateSatelliteAssemblies                  1 calls
        0 ms  _GenerateSatelliteAssemblyInputs           1 calls
        0 ms  SatelliteDllsProjectOutputGroup            1 calls
        0 ms  PrepareResourceNames                       1 calls
        0 ms  CreateCustomManifestResourceNames          1 calls
        0 ms  SplitResourcesByCulture                    1 calls
        0 ms  BuiltProjectOutputGroup                    1 calls
        0 ms  _BscMake                                   1 calls
        0 ms  MakeDirsForBscMake                         1 calls
        0 ms  AfterClCompile                             1 calls
        0 ms  ComputeReferenceCLInput                    1 calls
        0 ms  Build                                      1 calls
        0 ms  ComputeMIDLGeneratedCompileInputs          1 calls
        0 ms  MakeDirsForMidl                            1 calls
        0 ms  SetCABuildNativeEnvironmentVariables       1 calls
        0 ms  _Xsd                                       1 calls
        0 ms  _AddOutputPathToGlobalPropertiesToRemove   1 calls
        0 ms  _RemoveNameMetadataFromProjectReferenceItems   1 calls
        0 ms  SelectCustomBuild                          1 calls
        0 ms  _SelectedFiles                             1 calls
        0 ms  PrepareProjectReferences                   1 calls
        0 ms  PreBuildEvent                              1 calls
        0 ms  BeforeBuildGenerateSources                 1 calls
        0 ms  BuildGenerateSourcesTraverse               1 calls
        0 ms  ResolveSDKReferences                       1 calls
        0 ms  GetReferencedVCProjectsInfo                1 calls
        0 ms  ResolveReferences                          1 calls
        0 ms  AfterResolveReferences                     1 calls
        0 ms  GetResolvedWinMD                           1 calls
        0 ms  AfterMidl                                  1 calls
        0 ms  ExpandSDKReferences                        1 calls
        0 ms  BuildCompileTraverse                       1 calls
        0 ms  FindReferenceAssembliesForReferences       1 calls
        0 ms  BeforeClCompile                            1 calls
        0 ms  GetFrameworkPaths                          1 calls
        0 ms  _PrepareForReferenceResolution             1 calls
        0 ms  GetReferenceAssemblyPaths                  1 calls
        0 ms  _BuildGenerateSourcesAction                1 calls
        0 ms  BuildGenerateSources                       1 calls
        0 ms  AfterBuildGenerateSourcesEvent             1 calls
        0 ms  AfterBuildGenerateSources                  1 calls
        0 ms  BeforeResolveReferences                    1 calls
        0 ms  _Midl                                      1 calls
        0 ms  SetTelemetryEnvironmentVariables           1 calls
        1 ms  MakeDirsForResourceCompile                 1 calls
        1 ms  AddExternalIncludDirectoriesToPaths        1 calls
        1 ms  MakeDirsForLib                             1 calls
        1 ms  CopyFileToFolders                          1 calls
        1 ms  ComputeCLInputPDBName                      1 calls
        1 ms  ResolveAssemblyReferences                  1 calls
        1 ms  _GetCopyToOutputDirectoryItemsFromTransitiveProjectReferences   1 calls
        1 ms  GetCopyToOutputDirectoryItems              1 calls
        1 ms  ComputeCustomBuildOutput                   1 calls
        1 ms  ComputeLegacyManifestEmbedding             1 calls
        1 ms  IncrementalClean                           1 calls
        1 ms  ComputeCLCompileGeneratedXDCFiles          1 calls
        1 ms  _SplitProjectReferencesByFileExistence     1 calls
        1 ms  MakeDirsForFxc                             1 calls
        1 ms  _CheckWindowsSDKInstalled                  1 calls
        1 ms  ComputeLibInputsFromProject                1 calls
        1 ms  SelectClCompile                            1 calls
        1 ms  _CheckForCompileOutputs                    1 calls
        1 ms  AssignTargetPaths                          1 calls
        1 ms  CreateRecipeFile                           1 calls
        1 ms  _PrepareForBuild                           1 calls
        1 ms  ResolveProjectReferences                   1 calls
        1 ms  AssignProjectConfiguration                 1 calls
        1 ms  SetBuildDefaultEnvironmentVariables        1 calls
        2 ms  _CheckForInvalidConfigurationAndPlatform   1 calls
        2 ms  MakeDirsForCl                              1 calls
        2 ms  GetCopyToOutputDirectoryXamlAppDefs        1 calls
        2 ms  FinalizeBuildStatus                        1 calls
        3 ms  ContentFilesProjectOutputGroup             1 calls
        3 ms  ComputeCLOutputs                           1 calls
        5 ms  InitializeBuildStatus                      1 calls
        7 ms  PrepareForBuild                            1 calls
       11 ms  WarnCompileDuplicatedFilename              1 calls
       13 ms  DoLibOutputFilesMatch                      1 calls
       28 ms  FixupCLCompileOptions                      1 calls
      245 ms  _GetProjectReferenceTargetFrameworkProperties   1 calls
      379 ms  CustomBuild                                1 calls
     1218 ms  Lib                                        1 calls
    48077 ms  ClCompile                                  1 calls

Task Performance Summary:
        0 ms  RemoveDuplicates                           2 calls
        0 ms  ConvertToAbsolutePath                      1 calls
        0 ms  AssignProjectConfiguration                 1 calls
        0 ms  ResolveNonMSBuildProjectOutput             1 calls
        0 ms  AssignCulture                              1 calls
        0 ms  ReadLinesFromFile                          2 calls
        1 ms  CheckVCToolsetVersion                      1 calls
        1 ms  CallTarget                                 2 calls
        1 ms  Message                                    3 calls
        1 ms  WriteLinesToFile                           1 calls
        1 ms  FindUnderPath                              5 calls
        1 ms  Delete                                     3 calls
        1 ms  GenerateDesktopDeployRecipe                1 calls
        1 ms  SetEnv                                     9 calls
        2 ms  Touch                                      2 calls
        4 ms  AssignTargetPath                           7 calls
        5 ms  MakeDir                                   10 calls
       46 ms  GetOutOfDateItems                          3 calls
      233 ms  MSBuild                                    1 calls
      325 ms  CustomBuild                                1 calls
     1215 ms  LIB                                        1 calls
    48059 ms  CL                                         1 calls
