d:\library\coding\github\_reaper\reashader\build\vst3sdk\vstgui.build\lib\vstgui.dir\debug\timingfunctions.obj
d:\library\coding\github\_reaper\reashader\build\vst3sdk\vstgui.build\lib\vstgui.dir\debug\ccolor.obj
d:\library\coding\github\_reaper\reashader\build\vst3sdk\vstgui.build\lib\vstgui.dir\debug\cfileselector.obj
d:\library\coding\github\_reaper\reashader\build\vst3sdk\vstgui.build\lib\vstgui.dir\debug\cgradientview.obj
d:\library\coding\github\_reaper\reashader\build\vst3sdk\vstgui.build\lib\vstgui.dir\debug\clinestyle.obj
d:\library\coding\github\_reaper\reashader\build\vst3sdk\vstgui.build\lib\vstgui.dir\debug\ccolorchooser.obj
d:\library\coding\github\_reaper\reashader\build\vst3sdk\vstgui.build\lib\vstgui.dir\debug\clistcontrol.obj
d:\library\coding\github\_reaper\reashader\build\vst3sdk\vstgui.build\lib\vstgui.dir\debug\cparamdisplay.obj
d:\library\coding\github\_reaper\reashader\build\vst3sdk\vstgui.build\lib\vstgui.dir\debug\csegmentbutton.obj
d:\library\coding\github\_reaper\reashader\build\vst3sdk\vstgui.build\lib\vstgui.dir\debug\cstringlist.obj
d:\library\coding\github\_reaper\reashader\build\vst3sdk\vstgui.build\lib\vstgui.dir\debug\cvumeter.obj
d:\library\coding\github\_reaper\reashader\build\vst3sdk\vstgui.build\lib\vstgui.dir\debug\cpoint.obj
d:\library\coding\github\_reaper\reashader\build\vst3sdk\vstgui.build\lib\vstgui.dir\debug\cshadowviewcontainer.obj
d:\library\coding\github\_reaper\reashader\build\vst3sdk\vstgui.build\lib\vstgui.dir\debug\ctooltipsupport.obj
d:\library\coding\github\_reaper\reashader\build\vst3sdk\vstgui.build\lib\vstgui.dir\debug\cvstguitimer.obj
d:\library\coding\github\_reaper\reashader\build\vst3sdk\vstgui.build\lib\vstgui.dir\debug\platformfactory.obj
d:\library\coding\github\_reaper\reashader\build\vst3sdk\vstgui.build\lib\vstgui.dir\debug\generictextedit.obj
d:\library\coding\github\_reaper\reashader\build\vst3sdk\vstgui.build\lib\vstgui.dir\debug\d2dfont.obj
d:\library\coding\github\_reaper\reashader\build\vst3sdk\vstgui.build\lib\vstgui.dir\debug\win32directcomposition.obj
d:\library\coding\github\_reaper\reashader\build\vst3sdk\vstgui.build\lib\vstgui.dir\debug\win32openglview.obj
d:\library\coding\github\_reaper\reashader\build\vst3sdk\vstgui.build\lib\vstgui.dir\debug\win32textedit.obj
d:\library\coding\github\_reaper\reashader\build\vst3sdk\vstgui.build\lib\vstgui.dir\debug\winstring.obj
d:\library\coding\github\_reaper\reashader\build\vst3sdk\vstgui.build\lib\vstgui.dir\debug\animator.obj
d:\library\coding\github\_reaper\reashader\build\vst3sdk\vstgui.build\lib\vstgui.dir\debug\cdatabrowser.obj
d:\library\coding\github\_reaper\reashader\build\vst3sdk\vstgui.build\lib\vstgui.dir\debug\cdropsource.obj
d:\library\coding\github\_reaper\reashader\build\vst3sdk\vstgui.build\lib\vstgui.dir\debug\cfont.obj
d:\library\coding\github\_reaper\reashader\build\vst3sdk\vstgui.build\lib\vstgui.dir\debug\cgraphicspath.obj
d:\library\coding\github\_reaper\reashader\build\vst3sdk\vstgui.build\lib\vstgui.dir\debug\cautoanimation.obj
d:\library\coding\github\_reaper\reashader\build\vst3sdk\vstgui.build\lib\vstgui.dir\debug\ccontrol.obj
d:\library\coding\github\_reaper\reashader\build\vst3sdk\vstgui.build\lib\vstgui.dir\debug\cmoviebitmap.obj
d:\library\coding\github\_reaper\reashader\build\vst3sdk\vstgui.build\lib\vstgui.dir\debug\cscrollbar.obj
d:\library\coding\github\_reaper\reashader\build\vst3sdk\vstgui.build\lib\vstgui.dir\debug\cspecialdigit.obj
d:\library\coding\github\_reaper\reashader\build\vst3sdk\vstgui.build\lib\vstgui.dir\debug\ctextedit.obj
d:\library\coding\github\_reaper\reashader\build\vst3sdk\vstgui.build\lib\vstgui.dir\debug\copenglview.obj
d:\library\coding\github\_reaper\reashader\build\vst3sdk\vstgui.build\lib\vstgui.dir\debug\csplitview.obj
d:\library\coding\github\_reaper\reashader\build\vst3sdk\vstgui.build\lib\vstgui.dir\debug\cview.obj
d:\library\coding\github\_reaper\reashader\build\vst3sdk\vstgui.build\lib\vstgui.dir\debug\genericstringlistdatabrowsersource.obj
d:\library\coding\github\_reaper\reashader\build\vst3sdk\vstgui.build\lib\vstgui.dir\debug\vstguiinit.obj
d:\library\coding\github\_reaper\reashader\build\vst3sdk\vstgui.build\lib\vstgui.dir\debug\d2dbitmapcache.obj
d:\library\coding\github\_reaper\reashader\build\vst3sdk\vstgui.build\lib\vstgui.dir\debug\d2dgraphicspath.obj
d:\library\coding\github\_reaper\reashader\build\vst3sdk\vstgui.build\lib\vstgui.dir\debug\win32factory.obj
d:\library\coding\github\_reaper\reashader\build\vst3sdk\vstgui.build\lib\vstgui.dir\debug\win32resourcestream.obj
d:\library\coding\github\_reaper\reashader\build\vst3sdk\vstgui.build\lib\vstgui.dir\debug\win32viewlayer.obj
d:\library\coding\github\_reaper\reashader\build\vst3sdk\vstgui.build\lib\vstgui.dir\debug\animations.obj
d:\library\coding\github\_reaper\reashader\build\vst3sdk\vstgui.build\lib\vstgui.dir\debug\cbitmapfilter.obj
d:\library\coding\github\_reaper\reashader\build\vst3sdk\vstgui.build\lib\vstgui.dir\debug\cdrawmethods.obj
d:\library\coding\github\_reaper\reashader\build\vst3sdk\vstgui.build\lib\vstgui.dir\debug\cgradient.obj
d:\library\coding\github\_reaper\reashader\build\vst3sdk\vstgui.build\lib\vstgui.dir\debug\clayeredviewcontainer.obj
d:\library\coding\github\_reaper\reashader\build\vst3sdk\vstgui.build\lib\vstgui.dir\debug\cbuttons.obj
d:\library\coding\github\_reaper\reashader\build\vst3sdk\vstgui.build\lib\vstgui.dir\debug\cknob.obj
d:\library\coding\github\_reaper\reashader\build\vst3sdk\vstgui.build\lib\vstgui.dir\debug\coptionmenu.obj
d:\library\coding\github\_reaper\reashader\build\vst3sdk\vstgui.build\lib\vstgui.dir\debug\cslider.obj
d:\library\coding\github\_reaper\reashader\build\vst3sdk\vstgui.build\lib\vstgui.dir\debug\cswitch.obj
d:\library\coding\github\_reaper\reashader\build\vst3sdk\vstgui.build\lib\vstgui.dir\debug\cxypad.obj
d:\library\coding\github\_reaper\reashader\build\vst3sdk\vstgui.build\lib\vstgui.dir\debug\crect.obj
d:\library\coding\github\_reaper\reashader\build\vst3sdk\vstgui.build\lib\vstgui.dir\debug\cscrollview.obj
d:\library\coding\github\_reaper\reashader\build\vst3sdk\vstgui.build\lib\vstgui.dir\debug\ctabview.obj
d:\library\coding\github\_reaper\reashader\build\vst3sdk\vstgui.build\lib\vstgui.dir\debug\events.obj
d:\library\coding\github\_reaper\reashader\build\vst3sdk\vstgui.build\lib\vstgui.dir\debug\fileresourceinputstream.obj
d:\library\coding\github\_reaper\reashader\build\vst3sdk\vstgui.build\lib\vstgui.dir\debug\vstguidebug.obj
d:\library\coding\github\_reaper\reashader\build\vst3sdk\vstgui.build\lib\vstgui.dir\debug\d2ddrawcontext.obj
d:\library\coding\github\_reaper\reashader\build\vst3sdk\vstgui.build\lib\vstgui.dir\debug\win32datapackage.obj
d:\library\coding\github\_reaper\reashader\build\vst3sdk\vstgui.build\lib\vstgui.dir\debug\win32frame.obj
d:\library\coding\github\_reaper\reashader\build\vst3sdk\vstgui.build\lib\vstgui.dir\debug\win32support.obj
d:\library\coding\github\_reaper\reashader\build\vst3sdk\vstgui.build\lib\vstgui.dir\debug\wintimer.obj
d:\library\coding\github\_reaper\reashader\build\vst3sdk\vstgui.build\lib\vstgui.dir\debug\cbitmap.obj
d:\library\coding\github\_reaper\reashader\build\vst3sdk\vstgui.build\lib\vstgui.dir\debug\cclipboard.obj
d:\library\coding\github\_reaper\reashader\build\vst3sdk\vstgui.build\lib\vstgui.dir\debug\cdrawcontext.obj
d:\library\coding\github\_reaper\reashader\build\vst3sdk\vstgui.build\lib\vstgui.dir\debug\cframe.obj
d:\library\coding\github\_reaper\reashader\build\vst3sdk\vstgui.build\lib\vstgui.dir\debug\coffscreencontext.obj
d:\library\coding\github\_reaper\reashader\build\vst3sdk\vstgui.build\lib\vstgui.dir\debug\cfontchooser.obj
d:\library\coding\github\_reaper\reashader\build\vst3sdk\vstgui.build\lib\vstgui.dir\debug\cmoviebutton.obj
d:\library\coding\github\_reaper\reashader\build\vst3sdk\vstgui.build\lib\vstgui.dir\debug\csearchtextedit.obj
d:\library\coding\github\_reaper\reashader\build\vst3sdk\vstgui.build\lib\vstgui.dir\debug\csplashscreen.obj
d:\library\coding\github\_reaper\reashader\build\vst3sdk\vstgui.build\lib\vstgui.dir\debug\ctextlabel.obj
d:\library\coding\github\_reaper\reashader\build\vst3sdk\vstgui.build\lib\vstgui.dir\debug\crowcolumnview.obj
d:\library\coding\github\_reaper\reashader\build\vst3sdk\vstgui.build\lib\vstgui.dir\debug\cstring.obj
d:\library\coding\github\_reaper\reashader\build\vst3sdk\vstgui.build\lib\vstgui.dir\debug\cviewcontainer.obj
d:\library\coding\github\_reaper\reashader\build\vst3sdk\vstgui.build\lib\vstgui.dir\debug\pixelbuffer.obj
d:\library\coding\github\_reaper\reashader\build\vst3sdk\vstgui.build\lib\vstgui.dir\debug\genericoptionmenu.obj
d:\library\coding\github\_reaper\reashader\build\vst3sdk\vstgui.build\lib\vstgui.dir\debug\d2dbitmap.obj
d:\library\coding\github\_reaper\reashader\build\vst3sdk\vstgui.build\lib\vstgui.dir\debug\d2dgradient.obj
d:\library\coding\github\_reaper\reashader\build\vst3sdk\vstgui.build\lib\vstgui.dir\debug\win32dragging.obj
d:\library\coding\github\_reaper\reashader\build\vst3sdk\vstgui.build\lib\vstgui.dir\debug\win32optionmenu.obj
d:\library\coding\github\_reaper\reashader\build\vst3sdk\vstgui.build\lib\vstgui.dir\debug\winfileselector.obj
d:\library\coding\github\_reaper\reashader\build\lib\debug\vstgui.pdb
d:\library\coding\github\_reaper\reashader\build\vst3sdk\vstgui.build\lib\cmakefiles\generate.stamp
d:\library\coding\github\_reaper\reashader\build\lib\debug\vstgui.lib
d:\library\coding\github\_reaper\reashader\build\vst3sdk\vstgui.build\lib\vstgui.dir\debug\vstgui.tlog\cl.2204.write.1.tlog
d:\library\coding\github\_reaper\reashader\build\vst3sdk\vstgui.build\lib\vstgui.dir\debug\vstgui.tlog\cl.command.1.tlog
d:\library\coding\github\_reaper\reashader\build\vst3sdk\vstgui.build\lib\vstgui.dir\debug\vstgui.tlog\cl.read.1.tlog
d:\library\coding\github\_reaper\reashader\build\vst3sdk\vstgui.build\lib\vstgui.dir\debug\vstgui.tlog\custombuild.command.1.tlog
d:\library\coding\github\_reaper\reashader\build\vst3sdk\vstgui.build\lib\vstgui.dir\debug\vstgui.tlog\custombuild.read.1.tlog
d:\library\coding\github\_reaper\reashader\build\vst3sdk\vstgui.build\lib\vstgui.dir\debug\vstgui.tlog\custombuild.write.1.tlog
d:\library\coding\github\_reaper\reashader\build\vst3sdk\vstgui.build\lib\vstgui.dir\debug\vstgui.tlog\lib-link.read.1.tlog
d:\library\coding\github\_reaper\reashader\build\vst3sdk\vstgui.build\lib\vstgui.dir\debug\vstgui.tlog\lib-link.write.1.tlog
d:\library\coding\github\_reaper\reashader\build\vst3sdk\vstgui.build\lib\vstgui.dir\debug\vstgui.tlog\lib.command.1.tlog
