d:\library\coding\github\_reaper\reashader\build\vst3sdk\base\base.dir\debug\baseiids.obj
d:\library\coding\github\_reaper\reashader\build\vst3sdk\base\base.dir\debug\fobject.obj
d:\library\coding\github\_reaper\reashader\build\vst3sdk\base\base.dir\debug\timer.obj
d:\library\coding\github\_reaper\reashader\build\vst3sdk\base\base.dir\debug\flock.obj
d:\library\coding\github\_reaper\reashader\build\vst3sdk\base\base.dir\debug\fdebug.obj
d:\library\coding\github\_reaper\reashader\build\vst3sdk\base\base.dir\debug\fcondition.obj
d:\library\coding\github\_reaper\reashader\build\vst3sdk\base\base.dir\debug\fbuffer.obj
d:\library\coding\github\_reaper\reashader\build\vst3sdk\base\base.dir\debug\fstreamer.obj
d:\library\coding\github\_reaper\reashader\build\vst3sdk\base\base.dir\debug\fstring.obj
d:\library\coding\github\_reaper\reashader\build\vst3sdk\base\base.dir\debug\fdynlib.obj
d:\library\coding\github\_reaper\reashader\build\vst3sdk\base\base.dir\debug\updatehandler.obj
d:\library\coding\github\_reaper\reashader\build\lib\debug\base.pdb
d:\library\coding\github\_reaper\reashader\build\vst3sdk\base\cmakefiles\generate.stamp
d:\library\coding\github\_reaper\reashader\build\lib\debug\base.lib
d:\library\coding\github\_reaper\reashader\build\vst3sdk\base\base.dir\debug\base.tlog\cl.12520.write.1.tlog
d:\library\coding\github\_reaper\reashader\build\vst3sdk\base\base.dir\debug\base.tlog\cl.command.1.tlog
d:\library\coding\github\_reaper\reashader\build\vst3sdk\base\base.dir\debug\base.tlog\cl.read.1.tlog
d:\library\coding\github\_reaper\reashader\build\vst3sdk\base\base.dir\debug\base.tlog\custombuild.command.1.tlog
d:\library\coding\github\_reaper\reashader\build\vst3sdk\base\base.dir\debug\base.tlog\custombuild.read.1.tlog
d:\library\coding\github\_reaper\reashader\build\vst3sdk\base\base.dir\debug\base.tlog\custombuild.write.1.tlog
d:\library\coding\github\_reaper\reashader\build\vst3sdk\base\base.dir\debug\base.tlog\lib-link.read.1.tlog
d:\library\coding\github\_reaper\reashader\build\vst3sdk\base\base.dir\debug\base.tlog\lib-link.write.1.tlog
d:\library\coding\github\_reaper\reashader\build\vst3sdk\base\base.dir\debug\base.tlog\lib.command.1.tlog
