d:\library\coding\github\_reaper\reashader\build\vst3sdk\public.sdk\sdk.dir\debug\pluginview.obj
d:\library\coding\github\_reaper\reashader\build\vst3sdk\public.sdk\sdk.dir\debug\vst2persistence.obj
d:\library\coding\github\_reaper\reashader\build\vst3sdk\public.sdk\sdk.dir\debug\vstbus.obj
d:\library\coding\github\_reaper\reashader\build\vst3sdk\public.sdk\sdk.dir\debug\vstnoteexpressiontypes.obj
d:\library\coding\github\_reaper\reashader\build\vst3sdk\public.sdk\sdk.dir\debug\stringconvert.obj
d:\library\coding\github\_reaper\reashader\build\vst3sdk\public.sdk\sdk.dir\debug\vstcomponentbase.obj
d:\library\coding\github\_reaper\reashader\build\vst3sdk\public.sdk\sdk.dir\debug\vstinitiids.obj
d:\library\coding\github\_reaper\reashader\build\vst3sdk\public.sdk\sdk.dir\debug\vstrepresentation.obj
d:\library\coding\github\_reaper\reashader\build\vst3sdk\public.sdk\sdk.dir\debug\pluginfactory.obj
d:\library\coding\github\_reaper\reashader\build\vst3sdk\public.sdk\sdk.dir\debug\testing.obj
d:\library\coding\github\_reaper\reashader\build\vst3sdk\public.sdk\sdk.dir\debug\vstcomponent.obj
d:\library\coding\github\_reaper\reashader\build\vst3sdk\public.sdk\sdk.dir\debug\vstparameters.obj
d:\library\coding\github\_reaper\reashader\build\vst3sdk\public.sdk\sdk.dir\debug\moduleinit.obj
d:\library\coding\github\_reaper\reashader\build\vst3sdk\public.sdk\sdk.dir\debug\vstaudioeffect.obj
d:\library\coding\github\_reaper\reashader\build\vst3sdk\public.sdk\sdk.dir\debug\vsteditcontroller.obj
d:\library\coding\github\_reaper\reashader\build\lib\debug\sdk.pdb
d:\library\coding\github\_reaper\reashader\build\vst3sdk\public.sdk\cmakefiles\generate.stamp
d:\library\coding\github\_reaper\reashader\build\lib\debug\sdk.lib
d:\library\coding\github\_reaper\reashader\build\vst3sdk\public.sdk\sdk.dir\debug\sdk.tlog\cl.12000.write.1.tlog
d:\library\coding\github\_reaper\reashader\build\vst3sdk\public.sdk\sdk.dir\debug\sdk.tlog\cl.command.1.tlog
d:\library\coding\github\_reaper\reashader\build\vst3sdk\public.sdk\sdk.dir\debug\sdk.tlog\cl.read.1.tlog
d:\library\coding\github\_reaper\reashader\build\vst3sdk\public.sdk\sdk.dir\debug\sdk.tlog\custombuild.command.1.tlog
d:\library\coding\github\_reaper\reashader\build\vst3sdk\public.sdk\sdk.dir\debug\sdk.tlog\custombuild.read.1.tlog
d:\library\coding\github\_reaper\reashader\build\vst3sdk\public.sdk\sdk.dir\debug\sdk.tlog\custombuild.write.1.tlog
d:\library\coding\github\_reaper\reashader\build\vst3sdk\public.sdk\sdk.dir\debug\sdk.tlog\lib-link.read.1.tlog
d:\library\coding\github\_reaper\reashader\build\vst3sdk\public.sdk\sdk.dir\debug\sdk.tlog\lib-link.write.1.tlog
d:\library\coding\github\_reaper\reashader\build\vst3sdk\public.sdk\sdk.dir\debug\sdk.tlog\lib.command.1.tlog
