d:\library\coding\github\_reaper\reashader\build\vst3sdk\public.sdk\sdk_hosting.dir\debug\module.obj
d:\library\coding\github\_reaper\reashader\build\vst3sdk\public.sdk\sdk_hosting.dir\debug\eventlist.obj
d:\library\coding\github\_reaper\reashader\build\vst3sdk\public.sdk\sdk_hosting.dir\debug\parameterchanges.obj
d:\library\coding\github\_reaper\reashader\build\vst3sdk\public.sdk\sdk_hosting.dir\debug\processdata.obj
d:\library\coding\github\_reaper\reashader\build\vst3sdk\public.sdk\sdk_hosting.dir\debug\vstinitiids.obj
d:\library\coding\github\_reaper\reashader\build\vst3sdk\public.sdk\sdk_hosting.dir\debug\hostclasses.obj
d:\library\coding\github\_reaper\reashader\build\vst3sdk\public.sdk\sdk_hosting.dir\debug\stringconvert.obj
d:\library\coding\github\_reaper\reashader\build\vst3sdk\public.sdk\sdk_hosting.dir\debug\connectionproxy.obj
d:\library\coding\github\_reaper\reashader\build\vst3sdk\public.sdk\sdk_hosting.dir\debug\pluginterfacesupport.obj
d:\library\coding\github\_reaper\reashader\build\lib\debug\sdk_hosting.pdb
d:\library\coding\github\_reaper\reashader\build\vst3sdk\public.sdk\cmakefiles\generate.stamp
d:\library\coding\github\_reaper\reashader\build\lib\debug\sdk_hosting.lib
d:\library\coding\github\_reaper\reashader\build\vst3sdk\public.sdk\sdk_hosting.dir\debug\sdk_hosting.tlog\cl.12772.write.1.tlog
d:\library\coding\github\_reaper\reashader\build\vst3sdk\public.sdk\sdk_hosting.dir\debug\sdk_hosting.tlog\cl.command.1.tlog
d:\library\coding\github\_reaper\reashader\build\vst3sdk\public.sdk\sdk_hosting.dir\debug\sdk_hosting.tlog\cl.read.1.tlog
d:\library\coding\github\_reaper\reashader\build\vst3sdk\public.sdk\sdk_hosting.dir\debug\sdk_hosting.tlog\custombuild.command.1.tlog
d:\library\coding\github\_reaper\reashader\build\vst3sdk\public.sdk\sdk_hosting.dir\debug\sdk_hosting.tlog\custombuild.read.1.tlog
d:\library\coding\github\_reaper\reashader\build\vst3sdk\public.sdk\sdk_hosting.dir\debug\sdk_hosting.tlog\custombuild.write.1.tlog
d:\library\coding\github\_reaper\reashader\build\vst3sdk\public.sdk\sdk_hosting.dir\debug\sdk_hosting.tlog\lib-link.read.1.tlog
d:\library\coding\github\_reaper\reashader\build\vst3sdk\public.sdk\sdk_hosting.dir\debug\sdk_hosting.tlog\lib-link.write.1.tlog
d:\library\coding\github\_reaper\reashader\build\vst3sdk\public.sdk\sdk_hosting.dir\debug\sdk_hosting.tlog\lib.command.1.tlog
