C:\Program Files\Microsoft Visual Studio\2022\Community\MSBuild\Microsoft\VC\v170\Microsoft.CppBuild.targets(499,5): warning MSB8004: Intermediate Directory does not end with a trailing slash.  This build instance will add the slash as it is required to allow proper evaluation of the Intermediate Directory.
C:\Program Files\Microsoft Visual Studio\2022\Community\MSBuild\Microsoft\VC\v170\Microsoft.CppBuild.targets(500,5): warning MSB8004: Output Directory does not end with a trailing slash.  This build instance will add the slash as it is required to allow proper evaluation of the Output Directory.
  lice.cpp
  [SMTG] Copied resource/myplugineditor.uidesc to D:\Library\Coding\GitHub\_Reaper\ReaShader\build\VST3\Debug\x64\Contents\Resources
  [SMTG] Copied resource/E0F1D00DC00B511782AD083BE3690071_snapshot.png to D:\Library\Coding\GitHub\_Reaper\ReaShader\build\VST3\Debug\x64\\Contents\Resources\Snapshots
  [SMTG] Copied resource/E0F1D00DC00B511782AD083BE3690071_snapshot_2.0x.png to D:\Library\Coding\GitHub\_Reaper\ReaShader\build\VST3\Debug\x64\\Contents\Resources\Snapshots
     Creating library D:\Library\Coding\GitHub\_Reaper\ReaShader\build\lib\Debug\ReaShader.lib and object D:\Library\Coding\GitHub\_Reaper\ReaShader\build\lib\Debug\ReaShader.exp
  ReaShader.vcxproj -> D:\Library\Coding\GitHub\_Reaper\ReaShader\build\VST3\Debug\x64\ReaShader.vst3
  [SMTG] Validator started...
  * Loading module...
  
  	D:\Library\Coding\GitHub\_Reaper\ReaShader\build\VST3\Debug\x64\\ReaShader.vst3
  
  * Scanning classes...
  
    Factory Info:
  	vendor = Emanuele Messina
  	url = https://www.mycompanyname.com
  	email = mailto:emanuelemessina.em@gmail.com
  
    Class Info 0:
  	name = ReaShader
  	category = Audio Module Class
  	subCategories = Fx
  	version = 1.0.0.0
  	sdkVersion = VST 3.7.5
  	cid = E0F1D00DC00B511782AD083BE3690071
  
    Class Info 1:
  	name = ReaShaderController
  	category = Component Controller Class
  	subCategories = 
  	version = 1.0.0.0
  	sdkVersion = VST 3.7.5
  	cid = BA5B52819C3559EAAC0EB279F509F17C
  
  * Checking snapshots...
  
  Info: No snapshots in Bundle.
  
  * Creating tests...
  
  * Running tests...
  
  -------------------------------------------------------------
  TestSuite : ReaShader
  -------------------------------------------------------------
  
  -------------------------------------------------------------
  TestSuite : General Tests
  -------------------------------------------------------------
  
  [Scan Editor Classes]
  Info:  ===Scan Editor Classes ====================================
  Info:  This component has an edit controller class
  Info:     Controller CID: {BA5B5281-9C35-59EA-AC0E-B279F509F17C}
  [Succeeded]
  
  [Scan Buses]
  Info:  ===Scan Buses ====================================
  Info:  => Audio Buses: [1 In(s) => 1 Out(s)]
  Info:       In [0]: "Stereo In" (Main-Default Active) 
  Info:       Out[0]: "Stereo Out" (Main-Default Active) 
  Info:  => Event Buses: [1 In(s) => 0 Out(s)]
  Info:       In [0]: "Event In" (Main-Default Active) 
  [Succeeded]
  
  [Scan Parameters]
  Info:  ===Scan Parameters ====================================
  Info:  This component exports 2 parameter(s)
  Info:     Parameter 000 (id=0): [title="Gain"] [unit="dB"] [type = F, default = 0.500000, unit = 0]
  Info:     Parameter 001 (id=1): [title="Video Param"] [unit="units"] [type = F, default = 0.500000, unit = 0]
Info : warning : No bypass parameter found. Is this intended ?
  [Succeeded]
  
  [MIDI Mapping]
  Info:  ===MIDI Mapping ====================================
  Info:  No MIDI Mapping interface supplied!
  [Succeeded]
  
  [MIDI Learn]
  Info:  ===MIDI Learn ====================================
  Info:  No MIDI Learn interface supplied!
  [Succeeded]
  
  [Scan Units]
  Info:  ===Scan Units ====================================
  Info:  This component has no units.
  [Succeeded]
  
  [Scan Programs]
  Info:  ===Scan Programs ====================================
  Info:  This component does not export any programs.
  [Succeeded]
  
  [Terminate/Initialize]
  Info:  ===Terminate/Initialize ====================================
  [Succeeded]
  
  [Check Unit Structure]
  Info:  ===Check Unit Structure ====================================
  Info:  This component does not support IUnitInfo!
  [Succeeded]
  
  [Valid State Transition 32bits]
  Info:  ===Valid State Transition 32bits ====================================
  [Succeeded]
  
  [Valid State Transition 64bits]
  Info:  ===Valid State Transition 64bits ====================================
  Info:  64bit Audio Processing not supported.
  [Succeeded]
  
  [Bus Consistency]
  Info:  ===Bus Consistency ====================================
  [Succeeded]
  
  [Bus Activation]
  Info:  ===Bus Activation ====================================
  Info:     Bus Activation: Input Audio Bus (0) (kMain)
  Info:     Bus Activation: Output Audio Bus (0) (kMain)
  Info:     Bus Activation: Input Event Bus (0) (kMain)
  [Succeeded]
  
  [Check Audio Bus Arrangement]
  Info:  ===Check Audio Bus Arrangement ====================================
  Info:     Check Input Audio Bus Arrangement (0)
  Info:     Check Output Audio Bus Arrangement (0)
  [Succeeded]
  
  [SideChain Arrangement]
  Info:  ===SideChain Arrangement ====================================
  [Succeeded]
  
  [Suspend/Resume]
  Info:  ===Suspend/Resume ====================================
  [Succeeded]
  
  [Note Expression]
  Info:  ===Note Expression ====================================
  Info:  No Note Expression interface supplied!
  [Succeeded]
  
  [Keyswitch]
  Info:  ===Keyswitch ====================================
  Info:  No Keyswitch interface supplied!
  [Succeeded]
  
  [ProcessContext Requirements]
  Info:  ===ProcessContext Requirements ====================================
  Info:  ProcessContextRequirements:
  Info:   - None
  [Succeeded]
  
  -------------------------------------------------------------
  TestSuite : Single Precision (32 bit) Tests
  -------------------------------------------------------------
  
  [Process Test]
  [Succeeded]
  
  [Process function running in another thread]
  Info:  ===Process function running in another thread ====================================
  [Succeeded]
  
  [Silence Flags]
  Info:  ===Silence Flags ====================================
  [Succeeded]
  
  [Silence Processing]
  Info:  ===Silence Processing ====================================
  Info:  The component reported a wrong silent flag for its output buffer! : output is silent but silenceFlags not set !
  [Succeeded]
  
  [Parameters Flush (no Buffer)]
  Info:  ===Parameters Flush (no Buffer) ====================================
  [Succeeded]
  
  [Parameters Flush 2 (only numChannel==0)]
  Info:  ===Parameters Flush 2 (only numChannel==0) ====================================
  [Succeeded]
  
  [Parameters Flush 2 (no Buffer, no parameter change)]
  Info:  ===Parameters Flush 2 (no Buffer, no parameter change) ====================================
  [Succeeded]
  
  [Variable Block Size]
  Info:  ===Variable Block Size ====================================
  [Succeeded]
  
  [Process Format]
  Info:  ===Process Format ====================================
  Info:  ***Tested Sample Rates***
  Info:        22050 Hz - processed successfully!
  Info:        32000 Hz - processed successfully!
  Info:        44100 Hz - processed successfully!
  Info:        48000 Hz - processed successfully!
  Info:        88200 Hz - processed successfully!
  Info:        96000 Hz - processed successfully!
  Info:       192000 Hz - processed successfully!
  Info:       384000 Hz - processed successfully!
  Info:    1234.5678 Hz - processed successfully!
  Info:    12345.678 Hz - processed successfully!
  Info:    123456.78 Hz - processed successfully!
  Info:    1234567.8 Hz - processed successfully!
  [Succeeded]
  
  [Parameter Bypass persistence]
  Info:  ===Parameter Bypass persistence ====================================
  Info:  This plugin does not have a bypass parameter!!!
  [Succeeded]
  
  [In: Stereo: 2 Channels, Out: Stereo: 2 Channels]
  Info:  ===In: Stereo: 2 Channels, Out: Stereo: 2 Channels ====================================
  [Succeeded]
  
  [In: Mono: 1 Channels, Out: Mono: 1 Channels]
  Info:  ===In: Mono: 1 Channels, Out: Mono: 1 Channels ====================================
  [Succeeded]
  
  [Accuracy: Block, 1 Parameters, Change every100 Samples]
  Info:  ===Accuracy: Block, 1 Parameters, Change every100 Samples ====================================
  [Succeeded]
  
  [Accuracy: Sample, 1 Parameters, Change every100 Samples]
  Info:  ===Accuracy: Sample, 1 Parameters, Change every100 Samples ====================================
  Info:     Not all points have been read via IParameterChanges
  Info:     Not all points have been read via IParameterChanges
  [Succeeded]
  
  -------------------------------------------------------------
  TestSuite : Double Precision (64 bit) Tests
  -------------------------------------------------------------
  
  [Process Test]
  Info:  64bit Audio Processing not supported.
  [Succeeded]
  
  [Process function running in another thread]
  Info:  64bit Audio Processing not supported.
  [Succeeded]
  
  [Silence Flags]
  Info:  64bit Audio Processing not supported.
  [Succeeded]
  
  [Silence Processing]
  Info:  64bit Audio Processing not supported.
  [Succeeded]
  
  [Parameters Flush (no Buffer)]
  Info:  64bit Audio Processing not supported.
  [Succeeded]
  
  [Parameters Flush 2 (only numChannel==0)]
  Info:  64bit Audio Processing not supported.
  [Succeeded]
  
  [Parameters Flush 2 (no Buffer, no parameter change)]
  Info:  64bit Audio Processing not supported.
  [Succeeded]
  
  [Variable Block Size]
  Info:  64bit Audio Processing not supported.
  [Succeeded]
  
  [Process Format]
  Info:  64bit Audio Processing not supported.
  [Succeeded]
  
  [Parameter Bypass persistence]
  Info:  64bit Audio Processing not supported.
  [Succeeded]
  
  [In: Stereo: 2 Channels, Out: Stereo: 2 Channels]
  Info:  ===In: Stereo: 2 Channels, Out: Stereo: 2 Channels ====================================
  Info:  64bit Audio Processing not supported.
  [Succeeded]
  
  [In: Mono: 1 Channels, Out: Mono: 1 Channels]
  Info:  ===In: Mono: 1 Channels, Out: Mono: 1 Channels ====================================
  Info:  64bit Audio Processing not supported.
  [Succeeded]
  
  [Accuracy: Block, 1 Parameters, Change every100 Samples]
  Info:  ===Accuracy: Block, 1 Parameters, Change every100 Samples ====================================
  Info:  64bit Audio Processing not supported.
  [Succeeded]
  
  [Accuracy: Sample, 1 Parameters, Change every100 Samples]
  Info:  ===Accuracy: Sample, 1 Parameters, Change every100 Samples ====================================
  Info:  64bit Audio Processing not supported.
  [Succeeded]
  
  -------------------------------------------------------------
  Result: 47 tests passed, 0 tests failed
  -------------------------------------------------------------
  [SMTG] Validator finished.
  [SMTG] Delete previous link...
  [SMTG] Creation of the new link...
  [SMTG] Finished.
